2018-07-16 15:55:31.269  INFO dhcp-10-135-190-137.usdhcp.oraclecorp.com --- [           main] .b.t.c.SpringBootTestContextBootstrapper : Neither @ContextConfiguration nor @ContextHierarchy found for test class [com.example.demo.DemoApplicationTests], using SpringBootContextLoader
2018-07-16 15:55:31.276  INFO dhcp-10-135-190-137.usdhcp.oraclecorp.com --- [           main] o.s.t.c.s.AbstractContextLoader          : Could not detect default resource locations for test class [com.example.demo.DemoApplicationTests]: no resource found for suffixes {-context.xml, Context.groovy}.
2018-07-16 15:55:31.277  INFO dhcp-10-135-190-137.usdhcp.oraclecorp.com --- [           main] t.c.s.AnnotationConfigContextLoaderUtils : Could not detect default configuration classes for test class [com.example.demo.DemoApplicationTests]: DemoApplicationTests does not declare any static, non-private, non-final, nested classes annotated with @Configuration.
2018-07-16 15:55:31.388  INFO dhcp-10-135-190-137.usdhcp.oraclecorp.com --- [           main] .b.t.c.SpringBootTestContextBootstrapper : Found @SpringBootConfiguration com.example.demo.DemoApplication for test class com.example.demo.DemoApplicationTests
2018-07-16 15:55:31.490  INFO dhcp-10-135-190-137.usdhcp.oraclecorp.com --- [           main] .b.t.c.SpringBootTestContextBootstrapper : Loaded default TestExecutionListener class names from location [META-INF/spring.factories]: [org.springframework.boot.test.mock.mockito.MockitoTestExecutionListener, org.springframework.boot.test.mock.mockito.ResetMocksTestExecutionListener, org.springframework.boot.test.autoconfigure.restdocs.RestDocsTestExecutionListener, org.springframework.boot.test.autoconfigure.web.client.MockRestServiceServerResetTestExecutionListener, org.springframework.boot.test.autoconfigure.web.servlet.MockMvcPrintOnlyOnFailureTestExecutionListener, org.springframework.boot.test.autoconfigure.web.servlet.WebDriverTestExecutionListener, org.springframework.test.context.web.ServletTestExecutionListener, org.springframework.test.context.support.DirtiesContextBeforeModesTestExecutionListener, org.springframework.test.context.support.DependencyInjectionTestExecutionListener, org.springframework.test.context.support.DirtiesContextTestExecutionListener, org.springframework.test.context.transaction.TransactionalTestExecutionListener, org.springframework.test.context.jdbc.SqlScriptsTestExecutionListener]
2018-07-16 15:55:31.502  INFO dhcp-10-135-190-137.usdhcp.oraclecorp.com --- [           main] .b.t.c.SpringBootTestContextBootstrapper : Using TestExecutionListeners: [org.springframework.test.context.web.ServletTestExecutionListener@2a8448fa, org.springframework.test.context.support.DirtiesContextBeforeModesTestExecutionListener@6f204a1a, org.springframework.boot.test.mock.mockito.MockitoTestExecutionListener@2de56eb2, org.springframework.boot.test.autoconfigure.SpringBootDependencyInjectionTestExecutionListener@5f8e8a9d, org.springframework.test.context.support.DirtiesContextTestExecutionListener@5745ca0e, org.springframework.boot.test.mock.mockito.ResetMocksTestExecutionListener@3ad83a66, org.springframework.boot.test.autoconfigure.restdocs.RestDocsTestExecutionListener@3cce5371, org.springframework.boot.test.autoconfigure.web.client.MockRestServiceServerResetTestExecutionListener@17bffc17, org.springframework.boot.test.autoconfigure.web.servlet.MockMvcPrintOnlyOnFailureTestExecutionListener@6e535154, org.springframework.boot.test.autoconfigure.web.servlet.WebDriverTestExecutionListener@15a34df2]
2018-07-16 15:55:31.722  INFO dhcp-10-135-190-137.usdhcp.oraclecorp.com --- [           main] c.e.d.DemoApplicationTests               : Starting DemoApplicationTests on dhcp-10-135-190-137.usdhcp.oraclecorp.com with PID 31077 (started by karthik in /Users/karthik/Desktop/demo)
2018-07-16 15:55:31.723  INFO dhcp-10-135-190-137.usdhcp.oraclecorp.com --- [           main] c.e.d.DemoApplicationTests               : No active profile set, falling back to default profiles: default
2018-07-16 15:55:31.790  INFO dhcp-10-135-190-137.usdhcp.oraclecorp.com --- [           main] o.s.w.c.s.GenericWebApplicationContext   : Refreshing org.springframework.web.context.support.GenericWebApplicationContext@28d18df5: startup date [Mon Jul 16 15:55:31 CDT 2018]; root of context hierarchy
2018-07-16 15:55:32.892  INFO dhcp-10-135-190-137.usdhcp.oraclecorp.com --- [           main] o.s.w.s.h.SimpleUrlHandlerMapping        : Mapped URL path [/**/favicon.ico] onto handler of type [class org.springframework.web.servlet.resource.ResourceHttpRequestHandler]
2018-07-16 15:55:33.053  INFO dhcp-10-135-190-137.usdhcp.oraclecorp.com --- [           main] s.w.s.m.m.a.RequestMappingHandlerAdapter : Looking for @ControllerAdvice: org.springframework.web.context.support.GenericWebApplicationContext@28d18df5: startup date [Mon Jul 16 15:55:31 CDT 2018]; root of context hierarchy
2018-07-16 15:55:33.114  INFO dhcp-10-135-190-137.usdhcp.oraclecorp.com --- [           main] s.w.s.m.m.a.RequestMappingHandlerMapping : Mapped "{[/]}" onto public java.lang.String com.example.demo.DemoController.index()
2018-07-16 15:55:33.117  INFO dhcp-10-135-190-137.usdhcp.oraclecorp.com --- [           main] s.w.s.m.m.a.RequestMappingHandlerMapping : Mapped "{[/error]}" onto public org.springframework.http.ResponseEntity<java.util.Map<java.lang.String, java.lang.Object>> org.springframework.boot.autoconfigure.web.servlet.error.BasicErrorController.error(javax.servlet.http.HttpServletRequest)
2018-07-16 15:55:33.118  INFO dhcp-10-135-190-137.usdhcp.oraclecorp.com --- [           main] s.w.s.m.m.a.RequestMappingHandlerMapping : Mapped "{[/error],produces=[text/html]}" onto public org.springframework.web.servlet.ModelAndView org.springframework.boot.autoconfigure.web.servlet.error.BasicErrorController.errorHtml(javax.servlet.http.HttpServletRequest,javax.servlet.http.HttpServletResponse)
2018-07-16 15:55:33.139  INFO dhcp-10-135-190-137.usdhcp.oraclecorp.com --- [           main] o.s.w.s.h.SimpleUrlHandlerMapping        : Mapped URL path [/webjars/**] onto handler of type [class org.springframework.web.servlet.resource.ResourceHttpRequestHandler]
2018-07-16 15:55:33.139  INFO dhcp-10-135-190-137.usdhcp.oraclecorp.com --- [           main] o.s.w.s.h.SimpleUrlHandlerMapping        : Mapped URL path [/**] onto handler of type [class org.springframework.web.servlet.resource.ResourceHttpRequestHandler]
2018-07-16 15:55:33.298  INFO dhcp-10-135-190-137.usdhcp.oraclecorp.com --- [           main] c.e.d.DemoApplicationTests               : Started DemoApplicationTests in 1.765 seconds (JVM running for 2.845)
2018-07-16 15:55:33.452  INFO dhcp-10-135-190-137.usdhcp.oraclecorp.com --- [       Thread-2] o.s.w.c.s.GenericWebApplicationContext   : Closing org.springframework.web.context.support.GenericWebApplicationContext@28d18df5: startup date [Mon Jul 16 15:55:31 CDT 2018]; root of context hierarchy
2018-07-16 15:55:37.036  INFO dhcp-10-135-190-137.usdhcp.oraclecorp.com --- [           main] c.e.d.DemoApplication                    : Starting DemoApplication v0.0.1-SNAPSHOT on dhcp-10-135-190-137.usdhcp.oraclecorp.com with PID 31081 (/Users/karthik/Desktop/demo/target/demo-0.0.1-SNAPSHOT.jar started by karthik in /Users/karthik/Desktop/demo)
2018-07-16 15:55:37.042  INFO dhcp-10-135-190-137.usdhcp.oraclecorp.com --- [           main] c.e.d.DemoApplication                    : No active profile set, falling back to default profiles: default
2018-07-16 15:55:37.101  INFO dhcp-10-135-190-137.usdhcp.oraclecorp.com --- [           main] ConfigServletWebServerApplicationContext : Refreshing org.springframework.boot.web.servlet.context.AnnotationConfigServletWebServerApplicationContext@2c8d66b2: startup date [Mon Jul 16 15:55:37 CDT 2018]; root of context hierarchy
2018-07-16 15:55:38.152  INFO dhcp-10-135-190-137.usdhcp.oraclecorp.com --- [           main] o.s.b.w.e.t.TomcatWebServer              : Tomcat initialized with port(s): 8181 (http)
2018-07-16 15:55:38.181  INFO dhcp-10-135-190-137.usdhcp.oraclecorp.com --- [           main] o.a.c.h.Http11NioProtocol                : Initializing ProtocolHandler ["http-nio-8181"]
2018-07-16 15:55:38.195  INFO dhcp-10-135-190-137.usdhcp.oraclecorp.com --- [           main] o.a.c.c.StandardService                  : Starting service [Tomcat]
2018-07-16 15:55:38.196  INFO dhcp-10-135-190-137.usdhcp.oraclecorp.com --- [           main] o.a.c.c.StandardEngine                   : Starting Servlet Engine: Apache Tomcat/8.5.31
2018-07-16 15:55:38.207  INFO dhcp-10-135-190-137.usdhcp.oraclecorp.com --- [ost-startStop-1] o.a.c.c.AprLifecycleListener             : The APR based Apache Tomcat Native library which allows optimal performance in production environments was not found on the java.library.path: [/Users/karthik/Library/Java/Extensions:/Library/Java/Extensions:/Network/Library/Java/Extensions:/System/Library/Java/Extensions:/usr/lib/java:.]
2018-07-16 15:55:38.287  INFO dhcp-10-135-190-137.usdhcp.oraclecorp.com --- [ost-startStop-1] o.a.c.c.C.[.[.[/]                        : Initializing Spring embedded WebApplicationContext
2018-07-16 15:55:38.287  INFO dhcp-10-135-190-137.usdhcp.oraclecorp.com --- [ost-startStop-1] o.s.w.c.ContextLoader                    : Root WebApplicationContext: initialization completed in 1189 ms
2018-07-16 15:55:38.418  INFO dhcp-10-135-190-137.usdhcp.oraclecorp.com --- [ost-startStop-1] o.s.b.w.s.ServletRegistrationBean        : Servlet dispatcherServlet mapped to [/]
2018-07-16 15:55:38.424  INFO dhcp-10-135-190-137.usdhcp.oraclecorp.com --- [ost-startStop-1] o.s.b.w.s.FilterRegistrationBean         : Mapping filter: 'characterEncodingFilter' to: [/*]
2018-07-16 15:55:38.424  INFO dhcp-10-135-190-137.usdhcp.oraclecorp.com --- [ost-startStop-1] o.s.b.w.s.FilterRegistrationBean         : Mapping filter: 'hiddenHttpMethodFilter' to: [/*]
2018-07-16 15:55:38.425  INFO dhcp-10-135-190-137.usdhcp.oraclecorp.com --- [ost-startStop-1] o.s.b.w.s.FilterRegistrationBean         : Mapping filter: 'httpPutFormContentFilter' to: [/*]
2018-07-16 15:55:38.425  INFO dhcp-10-135-190-137.usdhcp.oraclecorp.com --- [ost-startStop-1] o.s.b.w.s.FilterRegistrationBean         : Mapping filter: 'requestContextFilter' to: [/*]
2018-07-16 15:55:38.544  INFO dhcp-10-135-190-137.usdhcp.oraclecorp.com --- [           main] o.s.w.s.h.SimpleUrlHandlerMapping        : Mapped URL path [/**/favicon.ico] onto handler of type [class org.springframework.web.servlet.resource.ResourceHttpRequestHandler]
2018-07-16 15:55:38.792  INFO dhcp-10-135-190-137.usdhcp.oraclecorp.com --- [           main] s.w.s.m.m.a.RequestMappingHandlerAdapter : Looking for @ControllerAdvice: org.springframework.boot.web.servlet.context.AnnotationConfigServletWebServerApplicationContext@2c8d66b2: startup date [Mon Jul 16 15:55:37 CDT 2018]; root of context hierarchy
2018-07-16 15:55:38.870  INFO dhcp-10-135-190-137.usdhcp.oraclecorp.com --- [           main] s.w.s.m.m.a.RequestMappingHandlerMapping : Mapped "{[/]}" onto public java.lang.String com.example.demo.DemoController.index()
2018-07-16 15:55:38.874  INFO dhcp-10-135-190-137.usdhcp.oraclecorp.com --- [           main] s.w.s.m.m.a.RequestMappingHandlerMapping : Mapped "{[/error]}" onto public org.springframework.http.ResponseEntity<java.util.Map<java.lang.String, java.lang.Object>> org.springframework.boot.autoconfigure.web.servlet.error.BasicErrorController.error(javax.servlet.http.HttpServletRequest)
2018-07-16 15:55:38.875  INFO dhcp-10-135-190-137.usdhcp.oraclecorp.com --- [           main] s.w.s.m.m.a.RequestMappingHandlerMapping : Mapped "{[/error],produces=[text/html]}" onto public org.springframework.web.servlet.ModelAndView org.springframework.boot.autoconfigure.web.servlet.error.BasicErrorController.errorHtml(javax.servlet.http.HttpServletRequest,javax.servlet.http.HttpServletResponse)
2018-07-16 15:55:38.899  INFO dhcp-10-135-190-137.usdhcp.oraclecorp.com --- [           main] o.s.w.s.h.SimpleUrlHandlerMapping        : Mapped URL path [/webjars/**] onto handler of type [class org.springframework.web.servlet.resource.ResourceHttpRequestHandler]
2018-07-16 15:55:38.899  INFO dhcp-10-135-190-137.usdhcp.oraclecorp.com --- [           main] o.s.w.s.h.SimpleUrlHandlerMapping        : Mapped URL path [/**] onto handler of type [class org.springframework.web.servlet.resource.ResourceHttpRequestHandler]
2018-07-16 15:55:39.039  INFO dhcp-10-135-190-137.usdhcp.oraclecorp.com --- [           main] o.s.j.e.a.AnnotationMBeanExporter        : Registering beans for JMX exposure on startup
2018-07-16 15:55:39.052  INFO dhcp-10-135-190-137.usdhcp.oraclecorp.com --- [           main] o.a.c.h.Http11NioProtocol                : Starting ProtocolHandler ["http-nio-8181"]
2018-07-16 15:55:39.075  INFO dhcp-10-135-190-137.usdhcp.oraclecorp.com --- [           main] o.a.t.u.n.NioSelectorPool                : Using a shared selector for servlet write/read
2018-07-16 15:55:39.089  INFO dhcp-10-135-190-137.usdhcp.oraclecorp.com --- [           main] o.s.b.w.e.t.TomcatWebServer              : Tomcat started on port(s): 8181 (http) with context path ''
2018-07-16 15:55:39.093  INFO dhcp-10-135-190-137.usdhcp.oraclecorp.com --- [           main] c.e.d.DemoApplication                    : Started DemoApplication in 2.368 seconds (JVM running for 3.352)
2018-07-16 15:55:49.296  INFO dhcp-10-135-190-137.usdhcp.oraclecorp.com --- [nio-8181-exec-1] o.a.c.c.C.[.[.[/]                        : Initializing Spring FrameworkServlet 'dispatcherServlet'
2018-07-16 15:55:49.296  INFO dhcp-10-135-190-137.usdhcp.oraclecorp.com --- [nio-8181-exec-1] o.s.w.s.DispatcherServlet                : FrameworkServlet 'dispatcherServlet': initialization started
2018-07-16 15:55:49.311  INFO dhcp-10-135-190-137.usdhcp.oraclecorp.com --- [nio-8181-exec-1] o.s.w.s.DispatcherServlet                : FrameworkServlet 'dispatcherServlet': initialization completed in 14 ms
2018-07-16 15:55:57.112  INFO dhcp-10-135-190-137.usdhcp.oraclecorp.com --- [       Thread-3] ConfigServletWebServerApplicationContext : Closing org.springframework.boot.web.servlet.context.AnnotationConfigServletWebServerApplicationContext@2c8d66b2: startup date [Mon Jul 16 15:55:37 CDT 2018]; root of context hierarchy
2018-07-16 15:55:57.114  INFO dhcp-10-135-190-137.usdhcp.oraclecorp.com --- [       Thread-3] o.s.j.e.a.AnnotationMBeanExporter        : Unregistering JMX-exposed beans on shutdown
2018-07-16 15:56:38.381  INFO dhcp-10-135-190-137.usdhcp.oraclecorp.com --- [           main] .b.t.c.SpringBootTestContextBootstrapper : Neither @ContextConfiguration nor @ContextHierarchy found for test class [com.example.demo.DemoApplicationTests], using SpringBootContextLoader
2018-07-16 15:56:38.388  INFO dhcp-10-135-190-137.usdhcp.oraclecorp.com --- [           main] o.s.t.c.s.AbstractContextLoader          : Could not detect default resource locations for test class [com.example.demo.DemoApplicationTests]: no resource found for suffixes {-context.xml, Context.groovy}.
2018-07-16 15:56:38.389  INFO dhcp-10-135-190-137.usdhcp.oraclecorp.com --- [           main] t.c.s.AnnotationConfigContextLoaderUtils : Could not detect default configuration classes for test class [com.example.demo.DemoApplicationTests]: DemoApplicationTests does not declare any static, non-private, non-final, nested classes annotated with @Configuration.
2018-07-16 15:56:38.491  INFO dhcp-10-135-190-137.usdhcp.oraclecorp.com --- [           main] .b.t.c.SpringBootTestContextBootstrapper : Found @SpringBootConfiguration com.example.demo.DemoApplication for test class com.example.demo.DemoApplicationTests
2018-07-16 15:56:38.590  INFO dhcp-10-135-190-137.usdhcp.oraclecorp.com --- [           main] .b.t.c.SpringBootTestContextBootstrapper : Loaded default TestExecutionListener class names from location [META-INF/spring.factories]: [org.springframework.boot.test.mock.mockito.MockitoTestExecutionListener, org.springframework.boot.test.mock.mockito.ResetMocksTestExecutionListener, org.springframework.boot.test.autoconfigure.restdocs.RestDocsTestExecutionListener, org.springframework.boot.test.autoconfigure.web.client.MockRestServiceServerResetTestExecutionListener, org.springframework.boot.test.autoconfigure.web.servlet.MockMvcPrintOnlyOnFailureTestExecutionListener, org.springframework.boot.test.autoconfigure.web.servlet.WebDriverTestExecutionListener, org.springframework.test.context.web.ServletTestExecutionListener, org.springframework.test.context.support.DirtiesContextBeforeModesTestExecutionListener, org.springframework.test.context.support.DependencyInjectionTestExecutionListener, org.springframework.test.context.support.DirtiesContextTestExecutionListener, org.springframework.test.context.transaction.TransactionalTestExecutionListener, org.springframework.test.context.jdbc.SqlScriptsTestExecutionListener]
2018-07-16 15:56:38.604  INFO dhcp-10-135-190-137.usdhcp.oraclecorp.com --- [           main] .b.t.c.SpringBootTestContextBootstrapper : Using TestExecutionListeners: [org.springframework.test.context.web.ServletTestExecutionListener@2a8448fa, org.springframework.test.context.support.DirtiesContextBeforeModesTestExecutionListener@6f204a1a, org.springframework.boot.test.mock.mockito.MockitoTestExecutionListener@2de56eb2, org.springframework.boot.test.autoconfigure.SpringBootDependencyInjectionTestExecutionListener@5f8e8a9d, org.springframework.test.context.support.DirtiesContextTestExecutionListener@5745ca0e, org.springframework.boot.test.mock.mockito.ResetMocksTestExecutionListener@3ad83a66, org.springframework.boot.test.autoconfigure.restdocs.RestDocsTestExecutionListener@3cce5371, org.springframework.boot.test.autoconfigure.web.client.MockRestServiceServerResetTestExecutionListener@17bffc17, org.springframework.boot.test.autoconfigure.web.servlet.MockMvcPrintOnlyOnFailureTestExecutionListener@6e535154, org.springframework.boot.test.autoconfigure.web.servlet.WebDriverTestExecutionListener@15a34df2]
2018-07-16 15:56:38.871  INFO dhcp-10-135-190-137.usdhcp.oraclecorp.com --- [           main] c.e.d.DemoApplicationTests               : Starting DemoApplicationTests on dhcp-10-135-190-137.usdhcp.oraclecorp.com with PID 31612 (started by karthik in /Users/karthik/Desktop/demo)
2018-07-16 15:56:38.872  INFO dhcp-10-135-190-137.usdhcp.oraclecorp.com --- [           main] c.e.d.DemoApplicationTests               : No active profile set, falling back to default profiles: default
2018-07-16 15:56:38.911  INFO dhcp-10-135-190-137.usdhcp.oraclecorp.com --- [           main] o.s.w.c.s.GenericWebApplicationContext   : Refreshing org.springframework.web.context.support.GenericWebApplicationContext@28d18df5: startup date [Mon Jul 16 15:56:38 CDT 2018]; root of context hierarchy
2018-07-16 15:56:40.000  INFO dhcp-10-135-190-137.usdhcp.oraclecorp.com --- [           main] o.s.w.s.h.SimpleUrlHandlerMapping        : Mapped URL path [/**/favicon.ico] onto handler of type [class org.springframework.web.servlet.resource.ResourceHttpRequestHandler]
2018-07-16 15:56:40.162  INFO dhcp-10-135-190-137.usdhcp.oraclecorp.com --- [           main] s.w.s.m.m.a.RequestMappingHandlerAdapter : Looking for @ControllerAdvice: org.springframework.web.context.support.GenericWebApplicationContext@28d18df5: startup date [Mon Jul 16 15:56:38 CDT 2018]; root of context hierarchy
2018-07-16 15:56:40.220  INFO dhcp-10-135-190-137.usdhcp.oraclecorp.com --- [           main] s.w.s.m.m.a.RequestMappingHandlerMapping : Mapped "{[/]}" onto public java.lang.String com.example.demo.DemoController.index()
2018-07-16 15:56:40.222  INFO dhcp-10-135-190-137.usdhcp.oraclecorp.com --- [           main] s.w.s.m.m.a.RequestMappingHandlerMapping : Mapped "{[/error]}" onto public org.springframework.http.ResponseEntity<java.util.Map<java.lang.String, java.lang.Object>> org.springframework.boot.autoconfigure.web.servlet.error.BasicErrorController.error(javax.servlet.http.HttpServletRequest)
2018-07-16 15:56:40.223  INFO dhcp-10-135-190-137.usdhcp.oraclecorp.com --- [           main] s.w.s.m.m.a.RequestMappingHandlerMapping : Mapped "{[/error],produces=[text/html]}" onto public org.springframework.web.servlet.ModelAndView org.springframework.boot.autoconfigure.web.servlet.error.BasicErrorController.errorHtml(javax.servlet.http.HttpServletRequest,javax.servlet.http.HttpServletResponse)
2018-07-16 15:56:40.246  INFO dhcp-10-135-190-137.usdhcp.oraclecorp.com --- [           main] o.s.w.s.h.SimpleUrlHandlerMapping        : Mapped URL path [/webjars/**] onto handler of type [class org.springframework.web.servlet.resource.ResourceHttpRequestHandler]
2018-07-16 15:56:40.246  INFO dhcp-10-135-190-137.usdhcp.oraclecorp.com --- [           main] o.s.w.s.h.SimpleUrlHandlerMapping        : Mapped URL path [/**] onto handler of type [class org.springframework.web.servlet.resource.ResourceHttpRequestHandler]
2018-07-16 15:56:40.408  INFO dhcp-10-135-190-137.usdhcp.oraclecorp.com --- [           main] c.e.d.DemoApplicationTests               : Started DemoApplicationTests in 1.772 seconds (JVM running for 2.79)
2018-07-16 15:56:40.575  INFO dhcp-10-135-190-137.usdhcp.oraclecorp.com --- [       Thread-2] o.s.w.c.s.GenericWebApplicationContext   : Closing org.springframework.web.context.support.GenericWebApplicationContext@28d18df5: startup date [Mon Jul 16 15:56:38 CDT 2018]; root of context hierarchy
2018-07-16 15:56:43.773  INFO dhcp-10-135-190-137.usdhcp.oraclecorp.com --- [           main] c.e.d.DemoApplication                    : Starting DemoApplication v0.0.1-SNAPSHOT on dhcp-10-135-190-137.usdhcp.oraclecorp.com with PID 31641 (/Users/karthik/Desktop/demo/target/demo-0.0.1-SNAPSHOT.jar started by karthik in /Users/karthik/Desktop/demo)
2018-07-16 15:56:43.780  INFO dhcp-10-135-190-137.usdhcp.oraclecorp.com --- [           main] c.e.d.DemoApplication                    : No active profile set, falling back to default profiles: default
2018-07-16 15:56:43.850  INFO dhcp-10-135-190-137.usdhcp.oraclecorp.com --- [           main] ConfigServletWebServerApplicationContext : Refreshing org.springframework.boot.web.servlet.context.AnnotationConfigServletWebServerApplicationContext@35bbe5e8: startup date [Mon Jul 16 15:56:43 CDT 2018]; root of context hierarchy
2018-07-16 15:56:45.091  INFO dhcp-10-135-190-137.usdhcp.oraclecorp.com --- [           main] o.s.b.w.e.t.TomcatWebServer              : Tomcat initialized with port(s): 8181 (http)
2018-07-16 15:56:45.120  INFO dhcp-10-135-190-137.usdhcp.oraclecorp.com --- [           main] o.a.c.h.Http11NioProtocol                : Initializing ProtocolHandler ["http-nio-8181"]
2018-07-16 15:56:45.133  INFO dhcp-10-135-190-137.usdhcp.oraclecorp.com --- [           main] o.a.c.c.StandardService                  : Starting service [Tomcat]
2018-07-16 15:56:45.134  INFO dhcp-10-135-190-137.usdhcp.oraclecorp.com --- [           main] o.a.c.c.StandardEngine                   : Starting Servlet Engine: Apache Tomcat/8.5.31
2018-07-16 15:56:45.145  INFO dhcp-10-135-190-137.usdhcp.oraclecorp.com --- [ost-startStop-1] o.a.c.c.AprLifecycleListener             : The APR based Apache Tomcat Native library which allows optimal performance in production environments was not found on the java.library.path: [/Users/karthik/Library/Java/Extensions:/Library/Java/Extensions:/Network/Library/Java/Extensions:/System/Library/Java/Extensions:/usr/lib/java:.]
2018-07-16 15:56:45.220  INFO dhcp-10-135-190-137.usdhcp.oraclecorp.com --- [ost-startStop-1] o.a.c.c.C.[.[.[/]                        : Initializing Spring embedded WebApplicationContext
2018-07-16 15:56:45.220  INFO dhcp-10-135-190-137.usdhcp.oraclecorp.com --- [ost-startStop-1] o.s.w.c.ContextLoader                    : Root WebApplicationContext: initialization completed in 1374 ms
2018-07-16 15:56:45.344  INFO dhcp-10-135-190-137.usdhcp.oraclecorp.com --- [ost-startStop-1] o.s.b.w.s.ServletRegistrationBean        : Servlet dispatcherServlet mapped to [/]
2018-07-16 15:56:45.347  INFO dhcp-10-135-190-137.usdhcp.oraclecorp.com --- [ost-startStop-1] o.s.b.w.s.FilterRegistrationBean         : Mapping filter: 'characterEncodingFilter' to: [/*]
2018-07-16 15:56:45.347  INFO dhcp-10-135-190-137.usdhcp.oraclecorp.com --- [ost-startStop-1] o.s.b.w.s.FilterRegistrationBean         : Mapping filter: 'hiddenHttpMethodFilter' to: [/*]
2018-07-16 15:56:45.347  INFO dhcp-10-135-190-137.usdhcp.oraclecorp.com --- [ost-startStop-1] o.s.b.w.s.FilterRegistrationBean         : Mapping filter: 'httpPutFormContentFilter' to: [/*]
2018-07-16 15:56:45.348  INFO dhcp-10-135-190-137.usdhcp.oraclecorp.com --- [ost-startStop-1] o.s.b.w.s.FilterRegistrationBean         : Mapping filter: 'requestContextFilter' to: [/*]
2018-07-16 15:56:45.449  INFO dhcp-10-135-190-137.usdhcp.oraclecorp.com --- [           main] o.s.w.s.h.SimpleUrlHandlerMapping        : Mapped URL path [/**/favicon.ico] onto handler of type [class org.springframework.web.servlet.resource.ResourceHttpRequestHandler]
2018-07-16 15:56:45.680  INFO dhcp-10-135-190-137.usdhcp.oraclecorp.com --- [           main] s.w.s.m.m.a.RequestMappingHandlerAdapter : Looking for @ControllerAdvice: org.springframework.boot.web.servlet.context.AnnotationConfigServletWebServerApplicationContext@35bbe5e8: startup date [Mon Jul 16 15:56:43 CDT 2018]; root of context hierarchy
2018-07-16 15:56:45.752  INFO dhcp-10-135-190-137.usdhcp.oraclecorp.com --- [           main] s.w.s.m.m.a.RequestMappingHandlerMapping : Mapped "{[/]}" onto public java.lang.String com.example.demo.DemoController.index()
2018-07-16 15:56:45.756  INFO dhcp-10-135-190-137.usdhcp.oraclecorp.com --- [           main] s.w.s.m.m.a.RequestMappingHandlerMapping : Mapped "{[/error]}" onto public org.springframework.http.ResponseEntity<java.util.Map<java.lang.String, java.lang.Object>> org.springframework.boot.autoconfigure.web.servlet.error.BasicErrorController.error(javax.servlet.http.HttpServletRequest)
2018-07-16 15:56:45.757  INFO dhcp-10-135-190-137.usdhcp.oraclecorp.com --- [           main] s.w.s.m.m.a.RequestMappingHandlerMapping : Mapped "{[/error],produces=[text/html]}" onto public org.springframework.web.servlet.ModelAndView org.springframework.boot.autoconfigure.web.servlet.error.BasicErrorController.errorHtml(javax.servlet.http.HttpServletRequest,javax.servlet.http.HttpServletResponse)
2018-07-16 15:56:45.786  INFO dhcp-10-135-190-137.usdhcp.oraclecorp.com --- [           main] o.s.w.s.h.SimpleUrlHandlerMapping        : Mapped URL path [/webjars/**] onto handler of type [class org.springframework.web.servlet.resource.ResourceHttpRequestHandler]
2018-07-16 15:56:45.786  INFO dhcp-10-135-190-137.usdhcp.oraclecorp.com --- [           main] o.s.w.s.h.SimpleUrlHandlerMapping        : Mapped URL path [/**] onto handler of type [class org.springframework.web.servlet.resource.ResourceHttpRequestHandler]
2018-07-16 15:56:45.920  INFO dhcp-10-135-190-137.usdhcp.oraclecorp.com --- [           main] o.s.j.e.a.AnnotationMBeanExporter        : Registering beans for JMX exposure on startup
2018-07-16 15:56:45.936  INFO dhcp-10-135-190-137.usdhcp.oraclecorp.com --- [           main] o.a.c.h.Http11NioProtocol                : Starting ProtocolHandler ["http-nio-8181"]
2018-07-16 15:56:45.959  INFO dhcp-10-135-190-137.usdhcp.oraclecorp.com --- [           main] o.a.t.u.n.NioSelectorPool                : Using a shared selector for servlet write/read
2018-07-16 15:56:45.973  INFO dhcp-10-135-190-137.usdhcp.oraclecorp.com --- [           main] o.s.b.w.e.t.TomcatWebServer              : Tomcat started on port(s): 8181 (http) with context path ''
2018-07-16 15:56:45.978  INFO dhcp-10-135-190-137.usdhcp.oraclecorp.com --- [           main] c.e.d.DemoApplication                    : Started DemoApplication in 2.52 seconds (JVM running for 3.366)
2018-07-16 15:57:04.135  INFO dhcp-10-135-190-137.usdhcp.oraclecorp.com --- [nio-8181-exec-1] o.a.c.c.C.[.[.[/]                        : Initializing Spring FrameworkServlet 'dispatcherServlet'
2018-07-16 15:57:04.136  INFO dhcp-10-135-190-137.usdhcp.oraclecorp.com --- [nio-8181-exec-1] o.s.w.s.DispatcherServlet                : FrameworkServlet 'dispatcherServlet': initialization started
2018-07-16 15:57:04.150  INFO dhcp-10-135-190-137.usdhcp.oraclecorp.com --- [nio-8181-exec-1] o.s.w.s.DispatcherServlet                : FrameworkServlet 'dispatcherServlet': initialization completed in 14 ms
2018-07-16 15:57:22.836  INFO dhcp-10-135-190-137.usdhcp.oraclecorp.com --- [       Thread-3] ConfigServletWebServerApplicationContext : Closing org.springframework.boot.web.servlet.context.AnnotationConfigServletWebServerApplicationContext@35bbe5e8: startup date [Mon Jul 16 15:56:43 CDT 2018]; root of context hierarchy
2018-07-16 15:57:22.838  INFO dhcp-10-135-190-137.usdhcp.oraclecorp.com --- [       Thread-3] o.s.j.e.a.AnnotationMBeanExporter        : Unregistering JMX-exposed beans on shutdown
2018-07-16 15:57:34.851  INFO dhcp-10-135-190-137.usdhcp.oraclecorp.com --- [           main] .b.t.c.SpringBootTestContextBootstrapper : Neither @ContextConfiguration nor @ContextHierarchy found for test class [com.example.demo.DemoApplicationTests], using SpringBootContextLoader
2018-07-16 15:57:34.858  INFO dhcp-10-135-190-137.usdhcp.oraclecorp.com --- [           main] o.s.t.c.s.AbstractContextLoader          : Could not detect default resource locations for test class [com.example.demo.DemoApplicationTests]: no resource found for suffixes {-context.xml, Context.groovy}.
2018-07-16 15:57:34.858  INFO dhcp-10-135-190-137.usdhcp.oraclecorp.com --- [           main] t.c.s.AnnotationConfigContextLoaderUtils : Could not detect default configuration classes for test class [com.example.demo.DemoApplicationTests]: DemoApplicationTests does not declare any static, non-private, non-final, nested classes annotated with @Configuration.
2018-07-16 15:57:34.949  INFO dhcp-10-135-190-137.usdhcp.oraclecorp.com --- [           main] .b.t.c.SpringBootTestContextBootstrapper : Found @SpringBootConfiguration com.example.demo.DemoApplication for test class com.example.demo.DemoApplicationTests
2018-07-16 15:57:35.045  INFO dhcp-10-135-190-137.usdhcp.oraclecorp.com --- [           main] .b.t.c.SpringBootTestContextBootstrapper : Loaded default TestExecutionListener class names from location [META-INF/spring.factories]: [org.springframework.boot.test.mock.mockito.MockitoTestExecutionListener, org.springframework.boot.test.mock.mockito.ResetMocksTestExecutionListener, org.springframework.boot.test.autoconfigure.restdocs.RestDocsTestExecutionListener, org.springframework.boot.test.autoconfigure.web.client.MockRestServiceServerResetTestExecutionListener, org.springframework.boot.test.autoconfigure.web.servlet.MockMvcPrintOnlyOnFailureTestExecutionListener, org.springframework.boot.test.autoconfigure.web.servlet.WebDriverTestExecutionListener, org.springframework.test.context.web.ServletTestExecutionListener, org.springframework.test.context.support.DirtiesContextBeforeModesTestExecutionListener, org.springframework.test.context.support.DependencyInjectionTestExecutionListener, org.springframework.test.context.support.DirtiesContextTestExecutionListener, org.springframework.test.context.transaction.TransactionalTestExecutionListener, org.springframework.test.context.jdbc.SqlScriptsTestExecutionListener]
2018-07-16 15:57:35.055  INFO dhcp-10-135-190-137.usdhcp.oraclecorp.com --- [           main] .b.t.c.SpringBootTestContextBootstrapper : Using TestExecutionListeners: [org.springframework.test.context.web.ServletTestExecutionListener@6cd24612, org.springframework.test.context.support.DirtiesContextBeforeModesTestExecutionListener@5dafbe45, org.springframework.boot.test.mock.mockito.MockitoTestExecutionListener@2254127a, org.springframework.boot.test.autoconfigure.SpringBootDependencyInjectionTestExecutionListener@51891008, org.springframework.test.context.support.DirtiesContextTestExecutionListener@2f953efd, org.springframework.boot.test.mock.mockito.ResetMocksTestExecutionListener@f68f0dc, org.springframework.boot.test.autoconfigure.restdocs.RestDocsTestExecutionListener@d2de489, org.springframework.boot.test.autoconfigure.web.client.MockRestServiceServerResetTestExecutionListener@14bdbc74, org.springframework.boot.test.autoconfigure.web.servlet.MockMvcPrintOnlyOnFailureTestExecutionListener@12591ac8, org.springframework.boot.test.autoconfigure.web.servlet.WebDriverTestExecutionListener@5a7fe64f]
2018-07-16 15:57:35.343  INFO dhcp-10-135-190-137.usdhcp.oraclecorp.com --- [           main] c.e.d.DemoApplicationTests               : Starting DemoApplicationTests on dhcp-10-135-190-137.usdhcp.oraclecorp.com with PID 31814 (started by karthik in /Users/karthik/Desktop/demo)
2018-07-16 15:57:35.345 DEBUG dhcp-10-135-190-137.usdhcp.oraclecorp.com --- [           main] c.e.d.DemoApplicationTests               : Running with Spring Boot v2.0.3.RELEASE, Spring v5.0.7.RELEASE
2018-07-16 15:57:35.345  INFO dhcp-10-135-190-137.usdhcp.oraclecorp.com --- [           main] c.e.d.DemoApplicationTests               : No active profile set, falling back to default profiles: default
2018-07-16 15:57:35.372  INFO dhcp-10-135-190-137.usdhcp.oraclecorp.com --- [           main] o.s.w.c.s.GenericWebApplicationContext   : Refreshing org.springframework.web.context.support.GenericWebApplicationContext@2141a12: startup date [Mon Jul 16 15:57:35 CDT 2018]; root of context hierarchy
2018-07-16 15:57:36.355  INFO dhcp-10-135-190-137.usdhcp.oraclecorp.com --- [           main] o.s.w.s.h.SimpleUrlHandlerMapping        : Mapped URL path [/**/favicon.ico] onto handler of type [class org.springframework.web.servlet.resource.ResourceHttpRequestHandler]
2018-07-16 15:57:36.539  INFO dhcp-10-135-190-137.usdhcp.oraclecorp.com --- [           main] s.w.s.m.m.a.RequestMappingHandlerAdapter : Looking for @ControllerAdvice: org.springframework.web.context.support.GenericWebApplicationContext@2141a12: startup date [Mon Jul 16 15:57:35 CDT 2018]; root of context hierarchy
2018-07-16 15:57:36.596  INFO dhcp-10-135-190-137.usdhcp.oraclecorp.com --- [           main] s.w.s.m.m.a.RequestMappingHandlerMapping : Mapped "{[/]}" onto public java.lang.String com.example.demo.DemoController.index()
2018-07-16 15:57:36.600  INFO dhcp-10-135-190-137.usdhcp.oraclecorp.com --- [           main] s.w.s.m.m.a.RequestMappingHandlerMapping : Mapped "{[/error]}" onto public org.springframework.http.ResponseEntity<java.util.Map<java.lang.String, java.lang.Object>> org.springframework.boot.autoconfigure.web.servlet.error.BasicErrorController.error(javax.servlet.http.HttpServletRequest)
2018-07-16 15:57:36.601  INFO dhcp-10-135-190-137.usdhcp.oraclecorp.com --- [           main] s.w.s.m.m.a.RequestMappingHandlerMapping : Mapped "{[/error],produces=[text/html]}" onto public org.springframework.web.servlet.ModelAndView org.springframework.boot.autoconfigure.web.servlet.error.BasicErrorController.errorHtml(javax.servlet.http.HttpServletRequest,javax.servlet.http.HttpServletResponse)
2018-07-16 15:57:36.619  INFO dhcp-10-135-190-137.usdhcp.oraclecorp.com --- [           main] o.s.w.s.h.SimpleUrlHandlerMapping        : Mapped URL path [/webjars/**] onto handler of type [class org.springframework.web.servlet.resource.ResourceHttpRequestHandler]
2018-07-16 15:57:36.619  INFO dhcp-10-135-190-137.usdhcp.oraclecorp.com --- [           main] o.s.w.s.h.SimpleUrlHandlerMapping        : Mapped URL path [/**] onto handler of type [class org.springframework.web.servlet.resource.ResourceHttpRequestHandler]
2018-07-16 15:57:36.809  INFO dhcp-10-135-190-137.usdhcp.oraclecorp.com --- [           main] c.e.d.DemoApplicationTests               : Started DemoApplicationTests in 1.729 seconds (JVM running for 2.713)
2018-07-16 15:57:36.907  INFO dhcp-10-135-190-137.usdhcp.oraclecorp.com --- [       Thread-2] o.s.w.c.s.GenericWebApplicationContext   : Closing org.springframework.web.context.support.GenericWebApplicationContext@2141a12: startup date [Mon Jul 16 15:57:35 CDT 2018]; root of context hierarchy
2018-07-16 15:57:39.870 DEBUG dhcp-10-135-190-137.usdhcp.oraclecorp.com --- [           main] c.e.d.DemoApplication                    : Starting up application...
2018-07-16 15:57:39.875 DEBUG dhcp-10-135-190-137.usdhcp.oraclecorp.com --- [           main] c.e.d.DemoApplication                    : Application started up at 2018-07-16 15:57:39.874
2018-07-16 15:57:40.253  INFO dhcp-10-135-190-137.usdhcp.oraclecorp.com --- [           main] c.e.d.DemoApplication                    : Starting DemoApplication v0.0.1-SNAPSHOT on dhcp-10-135-190-137.usdhcp.oraclecorp.com with PID 31854 (/Users/karthik/Desktop/demo/target/demo-0.0.1-SNAPSHOT.jar started by karthik in /Users/karthik/Desktop/demo)
2018-07-16 15:57:40.254 DEBUG dhcp-10-135-190-137.usdhcp.oraclecorp.com --- [           main] c.e.d.DemoApplication                    : Running with Spring Boot v2.0.3.RELEASE, Spring v5.0.7.RELEASE
2018-07-16 15:57:40.255  INFO dhcp-10-135-190-137.usdhcp.oraclecorp.com --- [           main] c.e.d.DemoApplication                    : No active profile set, falling back to default profiles: default
2018-07-16 15:57:40.309  INFO dhcp-10-135-190-137.usdhcp.oraclecorp.com --- [           main] ConfigServletWebServerApplicationContext : Refreshing org.springframework.boot.web.servlet.context.AnnotationConfigServletWebServerApplicationContext@129a8472: startup date [Mon Jul 16 15:57:40 CDT 2018]; root of context hierarchy
2018-07-16 15:57:41.386  INFO dhcp-10-135-190-137.usdhcp.oraclecorp.com --- [           main] o.s.b.w.e.t.TomcatWebServer              : Tomcat initialized with port(s): 8181 (http)
2018-07-16 15:57:41.413  INFO dhcp-10-135-190-137.usdhcp.oraclecorp.com --- [           main] o.a.c.h.Http11NioProtocol                : Initializing ProtocolHandler ["http-nio-8181"]
2018-07-16 15:57:41.425  INFO dhcp-10-135-190-137.usdhcp.oraclecorp.com --- [           main] o.a.c.c.StandardService                  : Starting service [Tomcat]
2018-07-16 15:57:41.426  INFO dhcp-10-135-190-137.usdhcp.oraclecorp.com --- [           main] o.a.c.c.StandardEngine                   : Starting Servlet Engine: Apache Tomcat/8.5.31
2018-07-16 15:57:41.437  INFO dhcp-10-135-190-137.usdhcp.oraclecorp.com --- [ost-startStop-1] o.a.c.c.AprLifecycleListener             : The APR based Apache Tomcat Native library which allows optimal performance in production environments was not found on the java.library.path: [/Users/karthik/Library/Java/Extensions:/Library/Java/Extensions:/Network/Library/Java/Extensions:/System/Library/Java/Extensions:/usr/lib/java:.]
2018-07-16 15:57:41.520  INFO dhcp-10-135-190-137.usdhcp.oraclecorp.com --- [ost-startStop-1] o.a.c.c.C.[.[.[/]                        : Initializing Spring embedded WebApplicationContext
2018-07-16 15:57:41.521  INFO dhcp-10-135-190-137.usdhcp.oraclecorp.com --- [ost-startStop-1] o.s.w.c.ContextLoader                    : Root WebApplicationContext: initialization completed in 1215 ms
2018-07-16 15:57:41.634  INFO dhcp-10-135-190-137.usdhcp.oraclecorp.com --- [ost-startStop-1] o.s.b.w.s.ServletRegistrationBean        : Servlet dispatcherServlet mapped to [/]
2018-07-16 15:57:41.637  INFO dhcp-10-135-190-137.usdhcp.oraclecorp.com --- [ost-startStop-1] o.s.b.w.s.FilterRegistrationBean         : Mapping filter: 'characterEncodingFilter' to: [/*]
2018-07-16 15:57:41.638  INFO dhcp-10-135-190-137.usdhcp.oraclecorp.com --- [ost-startStop-1] o.s.b.w.s.FilterRegistrationBean         : Mapping filter: 'hiddenHttpMethodFilter' to: [/*]
2018-07-16 15:57:41.638  INFO dhcp-10-135-190-137.usdhcp.oraclecorp.com --- [ost-startStop-1] o.s.b.w.s.FilterRegistrationBean         : Mapping filter: 'httpPutFormContentFilter' to: [/*]
2018-07-16 15:57:41.638  INFO dhcp-10-135-190-137.usdhcp.oraclecorp.com --- [ost-startStop-1] o.s.b.w.s.FilterRegistrationBean         : Mapping filter: 'requestContextFilter' to: [/*]
2018-07-16 15:57:41.745  INFO dhcp-10-135-190-137.usdhcp.oraclecorp.com --- [           main] o.s.w.s.h.SimpleUrlHandlerMapping        : Mapped URL path [/**/favicon.ico] onto handler of type [class org.springframework.web.servlet.resource.ResourceHttpRequestHandler]
2018-07-16 15:57:42.026  INFO dhcp-10-135-190-137.usdhcp.oraclecorp.com --- [           main] s.w.s.m.m.a.RequestMappingHandlerAdapter : Looking for @ControllerAdvice: org.springframework.boot.web.servlet.context.AnnotationConfigServletWebServerApplicationContext@129a8472: startup date [Mon Jul 16 15:57:40 CDT 2018]; root of context hierarchy
2018-07-16 15:57:42.090  INFO dhcp-10-135-190-137.usdhcp.oraclecorp.com --- [           main] s.w.s.m.m.a.RequestMappingHandlerMapping : Mapped "{[/]}" onto public java.lang.String com.example.demo.DemoController.index()
2018-07-16 15:57:42.094  INFO dhcp-10-135-190-137.usdhcp.oraclecorp.com --- [           main] s.w.s.m.m.a.RequestMappingHandlerMapping : Mapped "{[/error]}" onto public org.springframework.http.ResponseEntity<java.util.Map<java.lang.String, java.lang.Object>> org.springframework.boot.autoconfigure.web.servlet.error.BasicErrorController.error(javax.servlet.http.HttpServletRequest)
2018-07-16 15:57:42.094  INFO dhcp-10-135-190-137.usdhcp.oraclecorp.com --- [           main] s.w.s.m.m.a.RequestMappingHandlerMapping : Mapped "{[/error],produces=[text/html]}" onto public org.springframework.web.servlet.ModelAndView org.springframework.boot.autoconfigure.web.servlet.error.BasicErrorController.errorHtml(javax.servlet.http.HttpServletRequest,javax.servlet.http.HttpServletResponse)
2018-07-16 15:57:42.119  INFO dhcp-10-135-190-137.usdhcp.oraclecorp.com --- [           main] o.s.w.s.h.SimpleUrlHandlerMapping        : Mapped URL path [/webjars/**] onto handler of type [class org.springframework.web.servlet.resource.ResourceHttpRequestHandler]
2018-07-16 15:57:42.119  INFO dhcp-10-135-190-137.usdhcp.oraclecorp.com --- [           main] o.s.w.s.h.SimpleUrlHandlerMapping        : Mapped URL path [/**] onto handler of type [class org.springframework.web.servlet.resource.ResourceHttpRequestHandler]
2018-07-16 15:57:42.247  INFO dhcp-10-135-190-137.usdhcp.oraclecorp.com --- [           main] o.s.j.e.a.AnnotationMBeanExporter        : Registering beans for JMX exposure on startup
2018-07-16 15:57:42.265  INFO dhcp-10-135-190-137.usdhcp.oraclecorp.com --- [           main] o.a.c.h.Http11NioProtocol                : Starting ProtocolHandler ["http-nio-8181"]
2018-07-16 15:57:42.294  INFO dhcp-10-135-190-137.usdhcp.oraclecorp.com --- [           main] o.a.t.u.n.NioSelectorPool                : Using a shared selector for servlet write/read
2018-07-16 15:57:42.310  INFO dhcp-10-135-190-137.usdhcp.oraclecorp.com --- [           main] o.s.b.w.e.t.TomcatWebServer              : Tomcat started on port(s): 8181 (http) with context path ''
2018-07-16 15:57:42.314  INFO dhcp-10-135-190-137.usdhcp.oraclecorp.com --- [           main] c.e.d.DemoApplication                    : Started DemoApplication in 2.367 seconds (JVM running for 3.276)
2018-07-16 15:57:44.502  INFO dhcp-10-135-190-137.usdhcp.oraclecorp.com --- [nio-8181-exec-1] o.a.c.c.C.[.[.[/]                        : Initializing Spring FrameworkServlet 'dispatcherServlet'
2018-07-16 15:57:44.502  INFO dhcp-10-135-190-137.usdhcp.oraclecorp.com --- [nio-8181-exec-1] o.s.w.s.DispatcherServlet                : FrameworkServlet 'dispatcherServlet': initialization started
2018-07-16 15:57:44.521  INFO dhcp-10-135-190-137.usdhcp.oraclecorp.com --- [nio-8181-exec-1] o.s.w.s.DispatcherServlet                : FrameworkServlet 'dispatcherServlet': initialization completed in 19 ms
2018-07-16 15:57:44.552 DEBUG dhcp-10-135-190-137.usdhcp.oraclecorp.com --- [nio-8181-exec-1] c.e.d.DemoController                     : / was invoked at 2018-07-16 15:57:44.551
2018-07-16 15:57:45.727 DEBUG dhcp-10-135-190-137.usdhcp.oraclecorp.com --- [nio-8181-exec-3] c.e.d.DemoController                     : / was invoked at 2018-07-16 15:57:45.727
2018-07-16 15:57:46.229 DEBUG dhcp-10-135-190-137.usdhcp.oraclecorp.com --- [nio-8181-exec-5] c.e.d.DemoController                     : / was invoked at 2018-07-16 15:57:46.229
2018-07-16 15:57:46.453 DEBUG dhcp-10-135-190-137.usdhcp.oraclecorp.com --- [nio-8181-exec-7] c.e.d.DemoController                     : / was invoked at 2018-07-16 15:57:46.453
2018-07-16 15:57:46.643 DEBUG dhcp-10-135-190-137.usdhcp.oraclecorp.com --- [nio-8181-exec-9] c.e.d.DemoController                     : / was invoked at 2018-07-16 15:57:46.643
2018-07-16 15:57:46.813 DEBUG dhcp-10-135-190-137.usdhcp.oraclecorp.com --- [nio-8181-exec-1] c.e.d.DemoController                     : / was invoked at 2018-07-16 15:57:46.813
2018-07-16 15:57:46.985 DEBUG dhcp-10-135-190-137.usdhcp.oraclecorp.com --- [nio-8181-exec-2] c.e.d.DemoController                     : / was invoked at 2018-07-16 15:57:46.985
2018-07-16 15:57:47.165 DEBUG dhcp-10-135-190-137.usdhcp.oraclecorp.com --- [nio-8181-exec-4] c.e.d.DemoController                     : / was invoked at 2018-07-16 15:57:47.165
2018-07-16 15:57:47.319 DEBUG dhcp-10-135-190-137.usdhcp.oraclecorp.com --- [nio-8181-exec-5] c.e.d.DemoController                     : / was invoked at 2018-07-16 15:57:47.319
2018-07-16 15:57:47.498 DEBUG dhcp-10-135-190-137.usdhcp.oraclecorp.com --- [nio-8181-exec-6] c.e.d.DemoController                     : / was invoked at 2018-07-16 15:57:47.498
2018-07-16 15:57:47.674 DEBUG dhcp-10-135-190-137.usdhcp.oraclecorp.com --- [nio-8181-exec-8] c.e.d.DemoController                     : / was invoked at 2018-07-16 15:57:47.673
2018-07-16 15:57:47.829 DEBUG dhcp-10-135-190-137.usdhcp.oraclecorp.com --- [nio-8181-exec-9] c.e.d.DemoController                     : / was invoked at 2018-07-16 15:57:47.828
2018-07-16 15:57:48.006 DEBUG dhcp-10-135-190-137.usdhcp.oraclecorp.com --- [io-8181-exec-10] c.e.d.DemoController                     : / was invoked at 2018-07-16 15:57:48.006
2018-07-16 15:57:48.186 DEBUG dhcp-10-135-190-137.usdhcp.oraclecorp.com --- [nio-8181-exec-2] c.e.d.DemoController                     : / was invoked at 2018-07-16 15:57:48.185
2018-07-16 15:57:48.346 DEBUG dhcp-10-135-190-137.usdhcp.oraclecorp.com --- [nio-8181-exec-4] c.e.d.DemoController                     : / was invoked at 2018-07-16 15:57:48.346
2018-07-16 15:57:48.543 DEBUG dhcp-10-135-190-137.usdhcp.oraclecorp.com --- [nio-8181-exec-5] c.e.d.DemoController                     : / was invoked at 2018-07-16 15:57:48.542
2018-07-16 15:57:48.752 DEBUG dhcp-10-135-190-137.usdhcp.oraclecorp.com --- [nio-8181-exec-7] c.e.d.DemoController                     : / was invoked at 2018-07-16 15:57:48.752
2018-07-16 15:57:48.910 DEBUG dhcp-10-135-190-137.usdhcp.oraclecorp.com --- [nio-8181-exec-9] c.e.d.DemoController                     : / was invoked at 2018-07-16 15:57:48.91
2018-07-16 15:57:49.155 DEBUG dhcp-10-135-190-137.usdhcp.oraclecorp.com --- [nio-8181-exec-1] c.e.d.DemoController                     : / was invoked at 2018-07-16 15:57:49.154
2018-07-16 15:57:49.435 DEBUG dhcp-10-135-190-137.usdhcp.oraclecorp.com --- [nio-8181-exec-3] c.e.d.DemoController                     : / was invoked at 2018-07-16 15:57:49.435
2018-07-16 15:57:49.936 DEBUG dhcp-10-135-190-137.usdhcp.oraclecorp.com --- [nio-8181-exec-5] c.e.d.DemoController                     : / was invoked at 2018-07-16 15:57:49.936
2018-07-16 15:57:50.074 DEBUG dhcp-10-135-190-137.usdhcp.oraclecorp.com --- [nio-8181-exec-6] c.e.d.DemoController                     : / was invoked at 2018-07-16 15:57:50.074
2018-07-16 15:57:50.221 DEBUG dhcp-10-135-190-137.usdhcp.oraclecorp.com --- [nio-8181-exec-7] c.e.d.DemoController                     : / was invoked at 2018-07-16 15:57:50.221
2018-07-16 15:57:50.258 DEBUG dhcp-10-135-190-137.usdhcp.oraclecorp.com --- [nio-8181-exec-8] c.e.d.DemoController                     : / was invoked at 2018-07-16 15:57:50.258
2018-07-16 15:57:50.339 DEBUG dhcp-10-135-190-137.usdhcp.oraclecorp.com --- [nio-8181-exec-9] c.e.d.DemoController                     : / was invoked at 2018-07-16 15:57:50.339
2018-07-16 15:57:50.456 DEBUG dhcp-10-135-190-137.usdhcp.oraclecorp.com --- [io-8181-exec-10] c.e.d.DemoController                     : / was invoked at 2018-07-16 15:57:50.456
2018-07-16 15:57:50.563 DEBUG dhcp-10-135-190-137.usdhcp.oraclecorp.com --- [nio-8181-exec-1] c.e.d.DemoController                     : / was invoked at 2018-07-16 15:57:50.563
2018-07-16 15:57:50.734 DEBUG dhcp-10-135-190-137.usdhcp.oraclecorp.com --- [nio-8181-exec-2] c.e.d.DemoController                     : / was invoked at 2018-07-16 15:57:50.734
2018-07-16 15:57:50.912 DEBUG dhcp-10-135-190-137.usdhcp.oraclecorp.com --- [nio-8181-exec-3] c.e.d.DemoController                     : / was invoked at 2018-07-16 15:57:50.912
2018-07-16 15:57:50.965 DEBUG dhcp-10-135-190-137.usdhcp.oraclecorp.com --- [nio-8181-exec-4] c.e.d.DemoController                     : / was invoked at 2018-07-16 15:57:50.965
2018-07-16 15:57:51.007 DEBUG dhcp-10-135-190-137.usdhcp.oraclecorp.com --- [nio-8181-exec-5] c.e.d.DemoController                     : / was invoked at 2018-07-16 15:57:51.007
2018-07-16 15:57:51.062 DEBUG dhcp-10-135-190-137.usdhcp.oraclecorp.com --- [nio-8181-exec-6] c.e.d.DemoController                     : / was invoked at 2018-07-16 15:57:51.062
2018-07-16 15:57:51.194 DEBUG dhcp-10-135-190-137.usdhcp.oraclecorp.com --- [nio-8181-exec-7] c.e.d.DemoController                     : / was invoked at 2018-07-16 15:57:51.194
2018-07-16 15:57:51.245 DEBUG dhcp-10-135-190-137.usdhcp.oraclecorp.com --- [nio-8181-exec-8] c.e.d.DemoController                     : / was invoked at 2018-07-16 15:57:51.245
2018-07-16 15:57:51.393 DEBUG dhcp-10-135-190-137.usdhcp.oraclecorp.com --- [nio-8181-exec-9] c.e.d.DemoController                     : / was invoked at 2018-07-16 15:57:51.393
2018-07-16 15:57:51.432 DEBUG dhcp-10-135-190-137.usdhcp.oraclecorp.com --- [io-8181-exec-10] c.e.d.DemoController                     : / was invoked at 2018-07-16 15:57:51.432
2018-07-16 15:57:51.483 DEBUG dhcp-10-135-190-137.usdhcp.oraclecorp.com --- [nio-8181-exec-1] c.e.d.DemoController                     : / was invoked at 2018-07-16 15:57:51.483
2018-07-16 15:57:51.562 DEBUG dhcp-10-135-190-137.usdhcp.oraclecorp.com --- [nio-8181-exec-2] c.e.d.DemoController                     : / was invoked at 2018-07-16 15:57:51.562
2018-07-16 15:57:51.685 DEBUG dhcp-10-135-190-137.usdhcp.oraclecorp.com --- [nio-8181-exec-3] c.e.d.DemoController                     : / was invoked at 2018-07-16 15:57:51.685
2018-07-16 15:57:51.868 DEBUG dhcp-10-135-190-137.usdhcp.oraclecorp.com --- [nio-8181-exec-4] c.e.d.DemoController                     : / was invoked at 2018-07-16 15:57:51.868
2018-07-16 15:57:51.953 DEBUG dhcp-10-135-190-137.usdhcp.oraclecorp.com --- [nio-8181-exec-5] c.e.d.DemoController                     : / was invoked at 2018-07-16 15:57:51.953
2018-07-16 15:57:52.013 DEBUG dhcp-10-135-190-137.usdhcp.oraclecorp.com --- [nio-8181-exec-6] c.e.d.DemoController                     : / was invoked at 2018-07-16 15:57:52.013
2018-07-16 15:57:52.052 DEBUG dhcp-10-135-190-137.usdhcp.oraclecorp.com --- [nio-8181-exec-7] c.e.d.DemoController                     : / was invoked at 2018-07-16 15:57:52.052
2018-07-16 15:57:52.257 DEBUG dhcp-10-135-190-137.usdhcp.oraclecorp.com --- [nio-8181-exec-8] c.e.d.DemoController                     : / was invoked at 2018-07-16 15:57:52.257
2018-07-16 15:57:52.314 DEBUG dhcp-10-135-190-137.usdhcp.oraclecorp.com --- [nio-8181-exec-9] c.e.d.DemoController                     : / was invoked at 2018-07-16 15:57:52.314
2018-07-16 15:57:52.511 DEBUG dhcp-10-135-190-137.usdhcp.oraclecorp.com --- [io-8181-exec-10] c.e.d.DemoController                     : / was invoked at 2018-07-16 15:57:52.51
2018-07-16 15:57:53.528 DEBUG dhcp-10-135-190-137.usdhcp.oraclecorp.com --- [nio-8181-exec-2] c.e.d.DemoController                     : / was invoked at 2018-07-16 15:57:53.528
2018-07-16 15:57:53.964 DEBUG dhcp-10-135-190-137.usdhcp.oraclecorp.com --- [nio-8181-exec-4] c.e.d.DemoController                     : / was invoked at 2018-07-16 15:57:53.964
2018-07-16 15:57:54.462 DEBUG dhcp-10-135-190-137.usdhcp.oraclecorp.com --- [nio-8181-exec-6] c.e.d.DemoController                     : / was invoked at 2018-07-16 15:57:54.462
2018-07-16 15:57:54.589 DEBUG dhcp-10-135-190-137.usdhcp.oraclecorp.com --- [nio-8181-exec-7] c.e.d.DemoController                     : / was invoked at 2018-07-16 15:57:54.589
2018-07-16 15:57:54.790 DEBUG dhcp-10-135-190-137.usdhcp.oraclecorp.com --- [nio-8181-exec-9] c.e.d.DemoController                     : / was invoked at 2018-07-16 15:57:54.79
2018-07-16 15:57:54.842 DEBUG dhcp-10-135-190-137.usdhcp.oraclecorp.com --- [io-8181-exec-10] c.e.d.DemoController                     : / was invoked at 2018-07-16 15:57:54.842
2018-07-16 15:57:55.008 DEBUG dhcp-10-135-190-137.usdhcp.oraclecorp.com --- [nio-8181-exec-1] c.e.d.DemoController                     : / was invoked at 2018-07-16 15:57:55.008
2018-07-16 16:04:42.529 DEBUG dhcp-10-135-190-137.usdhcp.oraclecorp.com --- [nio-8181-exec-7] c.e.d.DemoController                     : / was invoked at 2018-07-16 16:04:42.528
2018-07-16 16:04:43.727 DEBUG dhcp-10-135-190-137.usdhcp.oraclecorp.com --- [nio-8181-exec-9] c.e.d.DemoController                     : / was invoked at 2018-07-16 16:04:43.727
2018-07-16 16:04:44.072 DEBUG dhcp-10-135-190-137.usdhcp.oraclecorp.com --- [nio-8181-exec-1] c.e.d.DemoController                     : / was invoked at 2018-07-16 16:04:44.072
2018-07-16 16:04:44.270 DEBUG dhcp-10-135-190-137.usdhcp.oraclecorp.com --- [nio-8181-exec-3] c.e.d.DemoController                     : / was invoked at 2018-07-16 16:04:44.27
2018-07-16 16:04:44.442 DEBUG dhcp-10-135-190-137.usdhcp.oraclecorp.com --- [nio-8181-exec-5] c.e.d.DemoController                     : / was invoked at 2018-07-16 16:04:44.442
2018-07-16 16:04:44.644 DEBUG dhcp-10-135-190-137.usdhcp.oraclecorp.com --- [nio-8181-exec-7] c.e.d.DemoController                     : / was invoked at 2018-07-16 16:04:44.644
2018-07-16 16:04:44.955 DEBUG dhcp-10-135-190-137.usdhcp.oraclecorp.com --- [nio-8181-exec-9] c.e.d.DemoController                     : / was invoked at 2018-07-16 16:04:44.955
2018-07-16 16:04:45.206 DEBUG dhcp-10-135-190-137.usdhcp.oraclecorp.com --- [nio-8181-exec-1] c.e.d.DemoController                     : / was invoked at 2018-07-16 16:04:45.206
2018-07-16 16:04:45.425 DEBUG dhcp-10-135-190-137.usdhcp.oraclecorp.com --- [nio-8181-exec-3] c.e.d.DemoController                     : / was invoked at 2018-07-16 16:04:45.425
2018-07-16 16:04:45.626 DEBUG dhcp-10-135-190-137.usdhcp.oraclecorp.com --- [nio-8181-exec-5] c.e.d.DemoController                     : / was invoked at 2018-07-16 16:04:45.626
2018-07-16 16:04:45.836 DEBUG dhcp-10-135-190-137.usdhcp.oraclecorp.com --- [nio-8181-exec-7] c.e.d.DemoController                     : / was invoked at 2018-07-16 16:04:45.836
2018-07-16 16:04:46.060 DEBUG dhcp-10-135-190-137.usdhcp.oraclecorp.com --- [nio-8181-exec-9] c.e.d.DemoController                     : / was invoked at 2018-07-16 16:04:46.06
2018-07-16 16:04:46.934 DEBUG dhcp-10-135-190-137.usdhcp.oraclecorp.com --- [nio-8181-exec-1] c.e.d.DemoController                     : / was invoked at 2018-07-16 16:04:46.934
2018-07-16 16:04:47.440 DEBUG dhcp-10-135-190-137.usdhcp.oraclecorp.com --- [nio-8181-exec-3] c.e.d.DemoController                     : / was invoked at 2018-07-16 16:04:47.44
2018-07-16 16:04:47.562 DEBUG dhcp-10-135-190-137.usdhcp.oraclecorp.com --- [nio-8181-exec-4] c.e.d.DemoController                     : / was invoked at 2018-07-16 16:04:47.562
2018-07-16 16:04:47.773 DEBUG dhcp-10-135-190-137.usdhcp.oraclecorp.com --- [nio-8181-exec-5] c.e.d.DemoController                     : / was invoked at 2018-07-16 16:04:47.773
2018-07-16 16:04:47.827 DEBUG dhcp-10-135-190-137.usdhcp.oraclecorp.com --- [nio-8181-exec-6] c.e.d.DemoController                     : / was invoked at 2018-07-16 16:04:47.827
2018-07-16 16:04:47.895 DEBUG dhcp-10-135-190-137.usdhcp.oraclecorp.com --- [nio-8181-exec-7] c.e.d.DemoController                     : / was invoked at 2018-07-16 16:04:47.895
2018-07-16 16:04:48.010 DEBUG dhcp-10-135-190-137.usdhcp.oraclecorp.com --- [nio-8181-exec-8] c.e.d.DemoController                     : / was invoked at 2018-07-16 16:04:48.01
2018-07-16 16:04:48.185 DEBUG dhcp-10-135-190-137.usdhcp.oraclecorp.com --- [nio-8181-exec-9] c.e.d.DemoController                     : / was invoked at 2018-07-16 16:04:48.185
2018-07-16 16:04:48.319 DEBUG dhcp-10-135-190-137.usdhcp.oraclecorp.com --- [io-8181-exec-10] c.e.d.DemoController                     : / was invoked at 2018-07-16 16:04:48.318
2018-07-16 16:04:48.481 DEBUG dhcp-10-135-190-137.usdhcp.oraclecorp.com --- [nio-8181-exec-1] c.e.d.DemoController                     : / was invoked at 2018-07-16 16:04:48.481
2018-07-16 16:04:48.684 DEBUG dhcp-10-135-190-137.usdhcp.oraclecorp.com --- [nio-8181-exec-2] c.e.d.DemoController                     : / was invoked at 2018-07-16 16:04:48.684
2018-07-16 16:04:48.843 DEBUG dhcp-10-135-190-137.usdhcp.oraclecorp.com --- [nio-8181-exec-3] c.e.d.DemoController                     : / was invoked at 2018-07-16 16:04:48.843
2018-07-16 16:04:48.942 DEBUG dhcp-10-135-190-137.usdhcp.oraclecorp.com --- [nio-8181-exec-4] c.e.d.DemoController                     : / was invoked at 2018-07-16 16:04:48.942
2018-07-16 16:04:48.992 DEBUG dhcp-10-135-190-137.usdhcp.oraclecorp.com --- [nio-8181-exec-5] c.e.d.DemoController                     : / was invoked at 2018-07-16 16:04:48.992
2018-07-16 16:04:51.272 DEBUG dhcp-10-135-190-137.usdhcp.oraclecorp.com --- [nio-8181-exec-7] c.e.d.DemoController                     : / was invoked at 2018-07-16 16:04:51.272
2018-07-16 16:04:57.056 DEBUG dhcp-10-135-190-137.usdhcp.oraclecorp.com --- [io-8181-exec-10] c.e.d.DemoController                     : / was invoked at 2018-07-16 16:04:57.056
2018-07-16 16:04:57.558 DEBUG dhcp-10-135-190-137.usdhcp.oraclecorp.com --- [nio-8181-exec-2] c.e.d.DemoController                     : / was invoked at 2018-07-16 16:04:57.558
2018-07-16 16:04:57.681 DEBUG dhcp-10-135-190-137.usdhcp.oraclecorp.com --- [nio-8181-exec-3] c.e.d.DemoController                     : / was invoked at 2018-07-16 16:04:57.681
2018-07-16 16:04:57.889 DEBUG dhcp-10-135-190-137.usdhcp.oraclecorp.com --- [nio-8181-exec-4] c.e.d.DemoController                     : / was invoked at 2018-07-16 16:04:57.889
2018-07-16 16:04:57.943 DEBUG dhcp-10-135-190-137.usdhcp.oraclecorp.com --- [nio-8181-exec-5] c.e.d.DemoController                     : / was invoked at 2018-07-16 16:04:57.943
2018-07-16 16:04:58.138 DEBUG dhcp-10-135-190-137.usdhcp.oraclecorp.com --- [nio-8181-exec-6] c.e.d.DemoController                     : / was invoked at 2018-07-16 16:04:58.138
2018-07-16 16:04:58.198 DEBUG dhcp-10-135-190-137.usdhcp.oraclecorp.com --- [nio-8181-exec-7] c.e.d.DemoController                     : / was invoked at 2018-07-16 16:04:58.197
2018-07-16 16:04:58.346 DEBUG dhcp-10-135-190-137.usdhcp.oraclecorp.com --- [nio-8181-exec-8] c.e.d.DemoController                     : / was invoked at 2018-07-16 16:04:58.346
2018-07-16 16:04:58.384 DEBUG dhcp-10-135-190-137.usdhcp.oraclecorp.com --- [nio-8181-exec-9] c.e.d.DemoController                     : / was invoked at 2018-07-16 16:04:58.384
2018-07-16 16:04:58.441 DEBUG dhcp-10-135-190-137.usdhcp.oraclecorp.com --- [io-8181-exec-10] c.e.d.DemoController                     : / was invoked at 2018-07-16 16:04:58.441
2018-07-16 16:04:58.676 DEBUG dhcp-10-135-190-137.usdhcp.oraclecorp.com --- [nio-8181-exec-1] c.e.d.DemoController                     : / was invoked at 2018-07-16 16:04:58.676
2018-07-16 16:04:58.719 DEBUG dhcp-10-135-190-137.usdhcp.oraclecorp.com --- [nio-8181-exec-2] c.e.d.DemoController                     : / was invoked at 2018-07-16 16:04:58.719
2018-07-16 16:04:58.771 DEBUG dhcp-10-135-190-137.usdhcp.oraclecorp.com --- [nio-8181-exec-3] c.e.d.DemoController                     : / was invoked at 2018-07-16 16:04:58.771
2018-07-16 16:04:58.968 DEBUG dhcp-10-135-190-137.usdhcp.oraclecorp.com --- [nio-8181-exec-4] c.e.d.DemoController                     : / was invoked at 2018-07-16 16:04:58.968
2018-07-16 16:04:59.025 DEBUG dhcp-10-135-190-137.usdhcp.oraclecorp.com --- [nio-8181-exec-5] c.e.d.DemoController                     : / was invoked at 2018-07-16 16:04:59.025
2018-07-16 16:04:59.220 DEBUG dhcp-10-135-190-137.usdhcp.oraclecorp.com --- [nio-8181-exec-6] c.e.d.DemoController                     : / was invoked at 2018-07-16 16:04:59.22
2018-07-16 16:04:59.275 DEBUG dhcp-10-135-190-137.usdhcp.oraclecorp.com --- [nio-8181-exec-7] c.e.d.DemoController                     : / was invoked at 2018-07-16 16:04:59.275
2018-07-16 16:04:59.474 DEBUG dhcp-10-135-190-137.usdhcp.oraclecorp.com --- [nio-8181-exec-8] c.e.d.DemoController                     : / was invoked at 2018-07-16 16:04:59.474
2018-07-16 16:04:59.536 DEBUG dhcp-10-135-190-137.usdhcp.oraclecorp.com --- [nio-8181-exec-9] c.e.d.DemoController                     : / was invoked at 2018-07-16 16:04:59.536
2018-07-16 16:04:59.687 DEBUG dhcp-10-135-190-137.usdhcp.oraclecorp.com --- [io-8181-exec-10] c.e.d.DemoController                     : / was invoked at 2018-07-16 16:04:59.686
2018-07-16 16:04:59.721 DEBUG dhcp-10-135-190-137.usdhcp.oraclecorp.com --- [nio-8181-exec-1] c.e.d.DemoController                     : / was invoked at 2018-07-16 16:04:59.721
2018-07-16 16:04:59.782 DEBUG dhcp-10-135-190-137.usdhcp.oraclecorp.com --- [nio-8181-exec-2] c.e.d.DemoController                     : / was invoked at 2018-07-16 16:04:59.782
2018-07-16 16:04:59.960 DEBUG dhcp-10-135-190-137.usdhcp.oraclecorp.com --- [nio-8181-exec-3] c.e.d.DemoController                     : / was invoked at 2018-07-16 16:04:59.96
2018-07-16 16:05:00.001 DEBUG dhcp-10-135-190-137.usdhcp.oraclecorp.com --- [nio-8181-exec-4] c.e.d.DemoController                     : / was invoked at 2018-07-16 16:05:00.001
2018-07-16 16:05:00.063 DEBUG dhcp-10-135-190-137.usdhcp.oraclecorp.com --- [nio-8181-exec-5] c.e.d.DemoController                     : / was invoked at 2018-07-16 16:05:00.063
2018-07-16 16:05:00.124 DEBUG dhcp-10-135-190-137.usdhcp.oraclecorp.com --- [nio-8181-exec-6] c.e.d.DemoController                     : / was invoked at 2018-07-16 16:05:00.124
2018-07-16 16:05:00.174 DEBUG dhcp-10-135-190-137.usdhcp.oraclecorp.com --- [nio-8181-exec-7] c.e.d.DemoController                     : / was invoked at 2018-07-16 16:05:00.174
2018-07-16 16:05:00.284 DEBUG dhcp-10-135-190-137.usdhcp.oraclecorp.com --- [nio-8181-exec-8] c.e.d.DemoController                     : / was invoked at 2018-07-16 16:05:00.284
2018-07-16 16:05:00.472 DEBUG dhcp-10-135-190-137.usdhcp.oraclecorp.com --- [nio-8181-exec-9] c.e.d.DemoController                     : / was invoked at 2018-07-16 16:05:00.472
2018-07-16 16:05:00.588 DEBUG dhcp-10-135-190-137.usdhcp.oraclecorp.com --- [io-8181-exec-10] c.e.d.DemoController                     : / was invoked at 2018-07-16 16:05:00.588
2018-07-16 16:05:00.751 DEBUG dhcp-10-135-190-137.usdhcp.oraclecorp.com --- [nio-8181-exec-1] c.e.d.DemoController                     : / was invoked at 2018-07-16 16:05:00.751
2018-07-16 16:05:00.936 DEBUG dhcp-10-135-190-137.usdhcp.oraclecorp.com --- [nio-8181-exec-2] c.e.d.DemoController                     : / was invoked at 2018-07-16 16:05:00.936
2018-07-16 16:05:01.079 DEBUG dhcp-10-135-190-137.usdhcp.oraclecorp.com --- [nio-8181-exec-3] c.e.d.DemoController                     : / was invoked at 2018-07-16 16:05:01.079
2018-07-16 16:05:01.144 DEBUG dhcp-10-135-190-137.usdhcp.oraclecorp.com --- [nio-8181-exec-4] c.e.d.DemoController                     : / was invoked at 2018-07-16 16:05:01.144
2018-07-16 16:05:01.188 DEBUG dhcp-10-135-190-137.usdhcp.oraclecorp.com --- [nio-8181-exec-5] c.e.d.DemoController                     : / was invoked at 2018-07-16 16:05:01.188
2018-07-16 16:07:01.517 DEBUG dhcp-10-135-190-137.usdhcp.oraclecorp.com --- [io-8181-exec-10] c.e.d.DemoController                     : / was invoked at 2018-07-16 16:07:01.517
2018-07-16 16:07:02.527 DEBUG dhcp-10-135-190-137.usdhcp.oraclecorp.com --- [nio-8181-exec-2] c.e.d.DemoController                     : / was invoked at 2018-07-16 16:07:02.527
2018-07-16 16:13:18.210 DEBUG dhcp-10-135-190-137.usdhcp.oraclecorp.com --- [nio-8181-exec-8] c.e.d.DemoController                     : / was invoked at 2018-07-16 16:13:18.21
2018-07-16 20:37:19.989 DEBUG dhcp-10-135-190-137.usdhcp.oraclecorp.com --- [nio-8181-exec-3] c.e.d.DemoController                     : / was invoked at 2018-07-16 20:37:19.988
